<?xml version="1.0" encoding="UTF-8"?>
<testsuite xmlns:xsi="http://www.w3.org/2001/XMLSchema-instance" xsi:noNamespaceSchemaLocation="https://maven.apache.org/surefire/maven-surefire-plugin/xsd/surefire-test-report.xsd" name="com.trilobiet.graphqlweb.implementations.aexpgraphql.GraphQLDaoTest" time="1.218" tests="8" errors="0" skipped="0" failures="0">
  <properties>
    <property name="awt.toolkit" value="sun.awt.X11.XToolkit"/>
    <property name="java.specification.version" value="11"/>
    <property name="sun.cpu.isalist" value=""/>
    <property name="sun.jnu.encoding" value="UTF-8"/>
    <property name="java.class.path" value="/home/acdhirr/JavaProjects2017/graphqlweb/target/test-classes:/home/acdhirr/JavaProjects2017/graphqlweb/target/classes:/home/acdhirr/.m2/repository/io/aexp/nodes/graphql/nodes/0.5.0/nodes-0.5.0.jar:/home/acdhirr/.m2/repository/com/fasterxml/jackson/core/jackson-annotations/2.9.4/jackson-annotations-2.9.4.jar:/home/acdhirr/.m2/repository/com/fasterxml/jackson/core/jackson-databind/2.9.7/jackson-databind-2.9.7.jar:/home/acdhirr/.m2/repository/com/fasterxml/jackson/core/jackson-core/2.9.7/jackson-core-2.9.7.jar:/home/acdhirr/.m2/repository/com/fasterxml/jackson/datatype/jackson-datatype-jsr310/2.9.7/jackson-datatype-jsr310-2.9.7.jar:/home/acdhirr/.m2/repository/junit/junit/4.13/junit-4.13.jar:/home/acdhirr/.m2/repository/org/hamcrest/hamcrest-core/1.3/hamcrest-core-1.3.jar:/home/acdhirr/.m2/repository/com/squareup/okhttp3/mockwebserver/3.10.0/mockwebserver-3.10.0.jar:/home/acdhirr/.m2/repository/com/squareup/okhttp3/okhttp/3.10.0/okhttp-3.10.0.jar:/home/acdhirr/.m2/repository/com/squareup/okio/okio/1.14.0/okio-1.14.0.jar:/home/acdhirr/.m2/repository/org/bouncycastle/bcprov-jdk15on/1.50/bcprov-jdk15on-1.50.jar:/home/acdhirr/.m2/repository/org/skyscreamer/jsonassert/1.5.0/jsonassert-1.5.0.jar:/home/acdhirr/.m2/repository/com/vaadin/external/google/android-json/0.0.20131108.vaadin1/android-json-0.0.20131108.vaadin1.jar:/home/acdhirr/.m2/repository/org/mockito/mockito-core/3.2.4/mockito-core-3.2.4.jar:/home/acdhirr/.m2/repository/net/bytebuddy/byte-buddy/1.10.5/byte-buddy-1.10.5.jar:/home/acdhirr/.m2/repository/net/bytebuddy/byte-buddy-agent/1.10.5/byte-buddy-agent-1.10.5.jar:/home/acdhirr/.m2/repository/org/objenesis/objenesis/2.6/objenesis-2.6.jar:/home/acdhirr/.m2/repository/org/hamcrest/hamcrest/2.1/hamcrest-2.1.jar:"/>
    <property name="java.vm.vendor" value="Private Build"/>
    <property name="sun.arch.data.model" value="64"/>
    <property name="java.vendor.url" value="Unknown"/>
    <property name="user.timezone" value=""/>
    <property name="java.vm.specification.version" value="11"/>
    <property name="os.name" value="Linux"/>
    <property name="sun.java.launcher" value="SUN_STANDARD"/>
    <property name="user.country" value="US"/>
    <property name="sun.boot.library.path" value="/usr/lib/jvm/java-11-openjdk-amd64/lib"/>
    <property name="sun.java.command" value="/home/acdhirr/JavaProjects2017/graphqlweb/target/surefire/surefirebooter2334973331264493771.jar /home/acdhirr/JavaProjects2017/graphqlweb/target/surefire 2020-03-08T23-06-55_786-jvmRun1 surefire5718941601140405217tmp surefire_010191951670105781920tmp"/>
    <property name="jdk.debug" value="release"/>
    <property name="surefire.test.class.path" value="/home/acdhirr/JavaProjects2017/graphqlweb/target/test-classes:/home/acdhirr/JavaProjects2017/graphqlweb/target/classes:/home/acdhirr/.m2/repository/io/aexp/nodes/graphql/nodes/0.5.0/nodes-0.5.0.jar:/home/acdhirr/.m2/repository/com/fasterxml/jackson/core/jackson-annotations/2.9.4/jackson-annotations-2.9.4.jar:/home/acdhirr/.m2/repository/com/fasterxml/jackson/core/jackson-databind/2.9.7/jackson-databind-2.9.7.jar:/home/acdhirr/.m2/repository/com/fasterxml/jackson/core/jackson-core/2.9.7/jackson-core-2.9.7.jar:/home/acdhirr/.m2/repository/com/fasterxml/jackson/datatype/jackson-datatype-jsr310/2.9.7/jackson-datatype-jsr310-2.9.7.jar:/home/acdhirr/.m2/repository/junit/junit/4.13/junit-4.13.jar:/home/acdhirr/.m2/repository/org/hamcrest/hamcrest-core/1.3/hamcrest-core-1.3.jar:/home/acdhirr/.m2/repository/com/squareup/okhttp3/mockwebserver/3.10.0/mockwebserver-3.10.0.jar:/home/acdhirr/.m2/repository/com/squareup/okhttp3/okhttp/3.10.0/okhttp-3.10.0.jar:/home/acdhirr/.m2/repository/com/squareup/okio/okio/1.14.0/okio-1.14.0.jar:/home/acdhirr/.m2/repository/org/bouncycastle/bcprov-jdk15on/1.50/bcprov-jdk15on-1.50.jar:/home/acdhirr/.m2/repository/org/skyscreamer/jsonassert/1.5.0/jsonassert-1.5.0.jar:/home/acdhirr/.m2/repository/com/vaadin/external/google/android-json/0.0.20131108.vaadin1/android-json-0.0.20131108.vaadin1.jar:/home/acdhirr/.m2/repository/org/mockito/mockito-core/3.2.4/mockito-core-3.2.4.jar:/home/acdhirr/.m2/repository/net/bytebuddy/byte-buddy/1.10.5/byte-buddy-1.10.5.jar:/home/acdhirr/.m2/repository/net/bytebuddy/byte-buddy-agent/1.10.5/byte-buddy-agent-1.10.5.jar:/home/acdhirr/.m2/repository/org/objenesis/objenesis/2.6/objenesis-2.6.jar:/home/acdhirr/.m2/repository/org/hamcrest/hamcrest/2.1/hamcrest-2.1.jar:"/>
    <property name="sun.cpu.endian" value="little"/>
    <property name="user.home" value="/home/acdhirr"/>
    <property name="user.language" value="en"/>
    <property name="java.specification.vendor" value="Oracle Corporation"/>
    <property name="java.version.date" value="2019-10-15"/>
    <property name="java.home" value="/usr/lib/jvm/java-11-openjdk-amd64"/>
    <property name="file.separator" value="/"/>
    <property name="basedir" value="/home/acdhirr/JavaProjects2017/graphqlweb"/>
    <property name="java.vm.compressedOopsMode" value="Zero based"/>
    <property name="line.separator" value="&#10;"/>
    <property name="java.specification.name" value="Java Platform API Specification"/>
    <property name="java.vm.specification.vendor" value="Oracle Corporation"/>
    <property name="java.awt.graphicsenv" value="sun.awt.X11GraphicsEnvironment"/>
    <property name="surefire.real.class.path" value="/home/acdhirr/JavaProjects2017/graphqlweb/target/surefire/surefirebooter2334973331264493771.jar"/>
    <property name="sun.management.compiler" value="HotSpot 64-Bit Tiered Compilers"/>
    <property name="java.runtime.version" value="11.0.5+10-post-Ubuntu-0ubuntu1.118.04"/>
    <property name="user.name" value="acdhirr"/>
    <property name="path.separator" value=":"/>
    <property name="os.version" value="4.15.0-74-generic"/>
    <property name="java.runtime.name" value="OpenJDK Runtime Environment"/>
    <property name="file.encoding" value="UTF-8"/>
    <property name="java.vm.name" value="OpenJDK 64-Bit Server VM"/>
    <property name="localRepository" value="/home/acdhirr/.m2/repository"/>
    <property name="java.vendor.url.bug" value="Unknown"/>
    <property name="java.io.tmpdir" value="/tmp"/>
    <property name="java.version" value="11.0.5"/>
    <property name="user.dir" value="/home/acdhirr/JavaProjects2017/graphqlweb"/>
    <property name="os.arch" value="amd64"/>
    <property name="java.vm.specification.name" value="Java Virtual Machine Specification"/>
    <property name="java.awt.printerjob" value="sun.print.PSPrinterJob"/>
    <property name="sun.os.patch.level" value="unknown"/>
    <property name="java.library.path" value="/usr/java/packages/lib:/usr/lib/x86_64-linux-gnu/jni:/lib/x86_64-linux-gnu:/usr/lib/x86_64-linux-gnu:/usr/lib/jni:/lib:/usr/lib"/>
    <property name="java.vendor" value="Private Build"/>
    <property name="java.vm.info" value="mixed mode, sharing"/>
    <property name="java.vm.version" value="11.0.5+10-post-Ubuntu-0ubuntu1.118.04"/>
    <property name="sun.io.unicode.encoding" value="UnicodeLittle"/>
    <property name="java.class.version" value="55.0"/>
  </properties>
  <testcase name="list_topics_test" classname="com.trilobiet.graphqlweb.implementations.aexpgraphql.GraphQLDaoTest" time="0.917"/>
  <testcase name="get_topic_test" classname="com.trilobiet.graphqlweb.implementations.aexpgraphql.GraphQLDaoTest" time="0.053"/>
  <testcase name="get_snippet_test" classname="com.trilobiet.graphqlweb.implementations.aexpgraphql.GraphQLDaoTest" time="0.053"/>
  <testcase name="list_sections_test" classname="com.trilobiet.graphqlweb.implementations.aexpgraphql.GraphQLDaoTest" time="0.049"/>
  <testcase name="get_file_test" classname="com.trilobiet.graphqlweb.implementations.aexpgraphql.GraphQLDaoTest" time="0.029"/>
  <testcase name="list_snippets_test" classname="com.trilobiet.graphqlweb.implementations.aexpgraphql.GraphQLDaoTest" time="0.028"/>
  <testcase name="list_categories_test" classname="com.trilobiet.graphqlweb.implementations.aexpgraphql.GraphQLDaoTest" time="0.039"/>
  <testcase name="get_section_test" classname="com.trilobiet.graphqlweb.implementations.aexpgraphql.GraphQLDaoTest" time="0.038"/>
</testsuite>